2025-06-13 21:05:25,031 - INFO - Data loaded successfully. X shape: (400, 4806), y shape: (400,)
2025-06-13 21:05:25,460 - INFO - Feature engineering applied with 106 components
2025-06-13 21:05:25,462 - INFO - Data split into training/CV (320 rows) and hold-out (80 rows) sets.
2025-06-13 21:05:25,462 - INFO - [Orchestrator] Starting auto_sklearn_wrapper engine training...
2025-06-13 21:05:25,462 - INFO - [Orchestrator|auto_sklearn_wrapper] Fitting model for auto_sklearn_wrapper...
2025-06-13 21:05:25,462 - ERROR - [Orchestrator|auto_sklearn_wrapper] Error running engine auto_sklearn_wrapper: No module named 'autosklearn'
Traceback (most recent call last):
  File "/home/nate/Desktop/AutoML/orchestrator.py", line 350, in _meta_search_sequential
    fitted_model = engine.fit(X, y)
  File "/home/nate/Desktop/AutoML/engines/auto_sklearn_wrapper.py", line 141, in fit
    translated_metric = self._translate_metric(self._metric)
  File "/home/nate/Desktop/AutoML/engines/auto_sklearn_wrapper.py", line 218, in _translate_metric
    from autosklearn.metrics import mean_absolute_error, mean_squared_error, r2
ModuleNotFoundError: No module named 'autosklearn'
2025-06-13 21:05:25,464 - INFO - [Orchestrator] Starting tpot_wrapper engine training...
2025-06-13 21:05:25,464 - INFO - [Orchestrator|tpot_wrapper] Fitting model for tpot_wrapper...
2025-06-13 21:05:25,485 - INFO - [Orchestrator|tpot_wrapper] Model fitting complete for tpot_wrapper.
2025-06-13 21:05:25,486 - INFO - [Orchestrator|tpot_wrapper] Starting 3x5 Repeated K-Fold Cross-Validation for tpot_wrapper...
2025-06-13 21:05:25,995 - INFO - [Orchestrator|tpot_wrapper] Cross-Validation complete for tpot_wrapper.
2025-06-13 21:05:25,996 - INFO - [Orchestrator|tpot_wrapper] Metrics: R²=-1.3353 (±1.2011), RMSE=0.0025 (±0.0003), MAE=0.0018 (±0.0002)
2025-06-13 21:05:25,996 - INFO - [Orchestrator] Starting autogluon_wrapper engine training...
2025-06-13 21:05:25,996 - INFO - [Orchestrator|autogluon_wrapper] Fitting model for autogluon_wrapper...
2025-06-13 21:05:26,014 - INFO - [Orchestrator|autogluon_wrapper] Model fitting complete for autogluon_wrapper.
2025-06-13 21:05:26,015 - INFO - [Orchestrator|autogluon_wrapper] Starting 3x5 Repeated K-Fold Cross-Validation for autogluon_wrapper...
2025-06-13 21:05:26,212 - INFO - [Orchestrator|autogluon_wrapper] Cross-Validation complete for autogluon_wrapper.
2025-06-13 21:05:26,213 - INFO - [Orchestrator|autogluon_wrapper] Metrics: R²=-1.3353 (±1.2011), RMSE=0.0025 (±0.0003), MAE=0.0018 (±0.0002)
2025-06-13 21:05:26,216 - INFO - Champion model selected: tpot_wrapper with mean R² of -1.3353
2025-06-13 21:05:26,217 - INFO - Evaluating champion model on the hold-out set...
2025-06-13 21:05:26,220 - INFO - Champion Model Hold-out Metrics: R²=0.0118, RMSE=0.0022, MAE=0.0016
2025-06-13 21:05:26,221 - INFO - Overall champion model saved to 05_outputs/D1-Predictors.csv/20250613-210524/overall_champion.pkl
2025-06-13 21:05:26,222 - INFO - Metrics saved to 05_outputs/D1-Predictors.csv/20250613-210524/metrics.json
2025-06-13 21:05:26,223 - INFO - Champion model for tpot_wrapper saved to 05_outputs/D1-Predictors.csv/20250613-210524/tpot_wrapper_champion.pkl
2025-06-13 21:05:26,223 - INFO - Champion model for autogluon_wrapper saved to 05_outputs/D1-Predictors.csv/20250613-210524/autogluon_wrapper_champion.pkl
